2024-12-11 16:59:11,509 - INFO - nf epoch: 0 iter: 99 loss:9881.2509765625)
2024-12-11 16:59:15,243 - INFO - nf epoch: 0 iter: 199 loss:5039.04296875)
2024-12-11 16:59:18,846 - INFO - nf epoch: 0 iter: 299 loss:-2996.865478515625)
2024-12-11 16:59:22,525 - INFO - nf epoch: 0 iter: 399 loss:-7818.1796875)
2024-12-11 16:59:26,105 - INFO - nf epoch: 0 iter: 499 loss:-8532.2119140625)
2024-12-11 16:59:26,218 - INFO - Note: NumExpr detected 12 cores but "NUMEXPR_MAX_THREADS" not set, so enforcing safe limit of 8.)
2024-12-11 16:59:26,218 - INFO - NumExpr defaulting to 8 threads.)
2024-12-11 16:59:28,221 - INFO - epoch: 0 iter: 99 loss_domain: 128331.9609375 loss_boundary: 0.05432630330324173 loss_total: 128337.390625 boundary_weight: 100)
2024-12-11 16:59:29,601 - INFO - epoch: 0 iter: 199 loss_domain: 61092.9453125 loss_boundary: 0.09585526585578918 loss_total: 61102.53125 boundary_weight: 100)
2024-12-11 16:59:31,031 - INFO - epoch: 0 iter: 299 loss_domain: 30454.626953125 loss_boundary: 0.12433859705924988 loss_total: 30467.060546875 boundary_weight: 100)
2024-12-11 16:59:32,464 - INFO - epoch: 0 iter: 399 loss_domain: 22607.724609375 loss_boundary: 0.13286618888378143 loss_total: 22621.01171875 boundary_weight: 100)
2024-12-11 16:59:33,884 - INFO - epoch: 0 iter: 499 loss_domain: 21619.494140625 loss_boundary: 0.13389678299427032 loss_total: 21632.884765625 boundary_weight: 100)
2024-12-11 16:59:37,395 - INFO - nf epoch: 1 iter: 99 loss:20372.6015625)
2024-12-11 16:59:41,083 - INFO - nf epoch: 1 iter: 199 loss:19918.859375)
2024-12-11 16:59:44,679 - INFO - nf epoch: 1 iter: 299 loss:19699.125)
2024-12-11 16:59:48,226 - INFO - nf epoch: 1 iter: 399 loss:19601.900390625)
2024-12-11 16:59:51,756 - INFO - nf epoch: 1 iter: 499 loss:19587.6953125)
2024-12-11 16:59:53,410 - INFO - epoch: 1 iter: 99 loss_domain: 4938.8623046875 loss_boundary: 0.04376306012272835 loss_total: 4943.23876953125 boundary_weight: 100)
2024-12-11 16:59:54,815 - INFO - epoch: 1 iter: 199 loss_domain: 3895.710205078125 loss_boundary: 0.03339548781514168 loss_total: 3899.0498046875 boundary_weight: 100)
2024-12-11 16:59:56,341 - INFO - epoch: 1 iter: 299 loss_domain: 3463.49755859375 loss_boundary: 0.029608238488435745 loss_total: 3466.45849609375 boundary_weight: 100)
2024-12-11 16:59:57,739 - INFO - epoch: 1 iter: 399 loss_domain: 3304.38623046875 loss_boundary: 0.02836505137383938 loss_total: 3307.22265625 boundary_weight: 100)
2024-12-11 16:59:59,130 - INFO - epoch: 1 iter: 499 loss_domain: 3279.652099609375 loss_boundary: 0.028181450441479683 loss_total: 3282.47021484375 boundary_weight: 100)
2024-12-11 17:00:02,608 - INFO - nf epoch: 2 iter: 99 loss:2934.864013671875)
2024-12-11 17:00:06,254 - INFO - nf epoch: 2 iter: 199 loss:1983.0931396484375)
2024-12-11 17:00:09,762 - INFO - nf epoch: 2 iter: 299 loss:1397.6217041015625)
2024-12-11 17:00:13,295 - INFO - nf epoch: 2 iter: 399 loss:1171.72998046875)
2024-12-11 17:00:16,902 - INFO - nf epoch: 2 iter: 499 loss:1135.3055419921875)
2024-12-11 17:00:18,614 - INFO - epoch: 2 iter: 99 loss_domain: 5322.19921875 loss_boundary: 0.05249931663274765 loss_total: 5327.44921875 boundary_weight: 100)
2024-12-11 17:00:19,986 - INFO - epoch: 2 iter: 199 loss_domain: 3653.354248046875 loss_boundary: 0.05059301480650902 loss_total: 3658.41357421875 boundary_weight: 100)
2024-12-11 17:00:21,348 - INFO - epoch: 2 iter: 299 loss_domain: 3059.154052734375 loss_boundary: 0.048872869461774826 loss_total: 3064.041259765625 boundary_weight: 100)
2024-12-11 17:00:22,877 - INFO - epoch: 2 iter: 399 loss_domain: 2855.66357421875 loss_boundary: 0.048278942704200745 loss_total: 2860.491455078125 boundary_weight: 100)
2024-12-11 17:00:24,296 - INFO - epoch: 2 iter: 499 loss_domain: 2825.057373046875 loss_boundary: 0.04818994551897049 loss_total: 2829.87646484375 boundary_weight: 100)
2024-12-11 17:00:27,790 - INFO - nf epoch: 3 iter: 99 loss:4298.94140625)
2024-12-11 17:00:31,431 - INFO - nf epoch: 3 iter: 199 loss:4193.50146484375)
2024-12-11 17:00:35,049 - INFO - nf epoch: 3 iter: 299 loss:4160.748046875)
2024-12-11 17:00:38,606 - INFO - nf epoch: 3 iter: 399 loss:4149.15673828125)
2024-12-11 17:00:42,236 - INFO - nf epoch: 3 iter: 499 loss:4147.39306640625)
2024-12-11 17:00:44,073 - INFO - epoch: 3 iter: 99 loss_domain: 1890.4803466796875 loss_boundary: 0.03122815117239952 loss_total: 1893.6031494140625 boundary_weight: 100)
2024-12-11 17:00:45,484 - INFO - epoch: 3 iter: 199 loss_domain: 1522.0103759765625 loss_boundary: 0.029294829815626144 loss_total: 1524.9398193359375 boundary_weight: 100)
2024-12-11 17:00:46,921 - INFO - epoch: 3 iter: 299 loss_domain: 1368.25634765625 loss_boundary: 0.0285616684705019 loss_total: 1371.112548828125 boundary_weight: 100)
2024-12-11 17:00:48,322 - INFO - epoch: 3 iter: 399 loss_domain: 1312.085205078125 loss_boundary: 0.028301451355218887 loss_total: 1314.9154052734375 boundary_weight: 100)
2024-12-11 17:00:49,755 - INFO - epoch: 3 iter: 499 loss_domain: 1303.4464111328125 loss_boundary: 0.028261572122573853 loss_total: 1306.2725830078125 boundary_weight: 100)
2024-12-11 17:00:53,318 - INFO - nf epoch: 4 iter: 99 loss:1967.691162109375)
2024-12-11 17:00:56,892 - INFO - nf epoch: 4 iter: 199 loss:1933.060791015625)
2024-12-11 17:01:00,501 - INFO - nf epoch: 4 iter: 299 loss:1911.743896484375)
2024-12-11 17:01:04,150 - INFO - nf epoch: 4 iter: 399 loss:1901.0924072265625)
2024-12-11 17:01:07,694 - INFO - nf epoch: 4 iter: 499 loss:1899.792724609375)
2024-12-11 17:01:09,357 - INFO - epoch: 4 iter: 99 loss_domain: 1518.2835693359375 loss_boundary: 0.031082680448889732 loss_total: 1521.391845703125 boundary_weight: 100)
2024-12-11 17:01:10,755 - INFO - epoch: 4 iter: 199 loss_domain: 1283.7547607421875 loss_boundary: 0.030480029061436653 loss_total: 1286.802734375 boundary_weight: 100)
2024-12-11 17:01:12,160 - INFO - epoch: 4 iter: 299 loss_domain: 1170.1392822265625 loss_boundary: 0.02972523495554924 loss_total: 1173.11181640625 boundary_weight: 100)
2024-12-11 17:01:13,594 - INFO - epoch: 4 iter: 399 loss_domain: 1126.19873046875 loss_boundary: 0.029356863349676132 loss_total: 1129.1343994140625 boundary_weight: 100)
2024-12-11 17:01:14,999 - INFO - epoch: 4 iter: 499 loss_domain: 1119.3358154296875 loss_boundary: 0.02929559163749218 loss_total: 1122.265380859375 boundary_weight: 100)
2024-12-11 17:01:18,568 - INFO - nf epoch: 5 iter: 99 loss:1428.2037353515625)
2024-12-11 17:01:22,126 - INFO - nf epoch: 5 iter: 199 loss:1385.5313720703125)
2024-12-11 17:01:25,841 - INFO - nf epoch: 5 iter: 299 loss:1365.2755126953125)
2024-12-11 17:01:29,361 - INFO - nf epoch: 5 iter: 399 loss:1357.0777587890625)
2024-12-11 17:01:32,908 - INFO - nf epoch: 5 iter: 499 loss:1355.8433837890625)
2024-12-11 17:01:34,613 - INFO - epoch: 5 iter: 99 loss_domain: 1238.589111328125 loss_boundary: 0.032381072640419006 loss_total: 1241.8272705078125 boundary_weight: 100)
2024-12-11 17:01:36,036 - INFO - epoch: 5 iter: 199 loss_domain: 1019.5672607421875 loss_boundary: 0.030400890856981277 loss_total: 1022.6073608398438 boundary_weight: 100)
2024-12-11 17:01:37,422 - INFO - epoch: 5 iter: 299 loss_domain: 910.7249755859375 loss_boundary: 0.029016857966780663 loss_total: 913.6266479492188 boundary_weight: 100)
2024-12-11 17:01:38,807 - INFO - epoch: 5 iter: 399 loss_domain: 868.752197265625 loss_boundary: 0.028402166441082954 loss_total: 871.5924072265625 boundary_weight: 100)
2024-12-11 17:01:40,155 - INFO - epoch: 5 iter: 499 loss_domain: 862.22998046875 loss_boundary: 0.028302697464823723 loss_total: 865.0602416992188 boundary_weight: 100)
2024-12-11 17:01:43,798 - INFO - nf epoch: 6 iter: 99 loss:1208.231689453125)
2024-12-11 17:01:47,404 - INFO - nf epoch: 6 iter: 199 loss:1195.12939453125)
2024-12-11 17:01:50,992 - INFO - nf epoch: 6 iter: 299 loss:1189.94482421875)
2024-12-11 17:01:54,681 - INFO - nf epoch: 6 iter: 399 loss:1187.8896484375)
2024-12-11 17:01:58,272 - INFO - nf epoch: 6 iter: 499 loss:1187.5628662109375)
2024-12-11 17:02:00,023 - INFO - epoch: 6 iter: 99 loss_domain: 663.4400024414062 loss_boundary: 0.021678047254681587 loss_total: 665.6077880859375 boundary_weight: 100)
2024-12-11 17:02:01,441 - INFO - epoch: 6 iter: 199 loss_domain: 549.7384643554688 loss_boundary: 0.020215028896927834 loss_total: 551.7599487304688 boundary_weight: 100)
2024-12-11 17:02:02,842 - INFO - epoch: 6 iter: 299 loss_domain: 496.1790771484375 loss_boundary: 0.019352586939930916 loss_total: 498.1143493652344 boundary_weight: 100)
2024-12-11 17:02:04,272 - INFO - epoch: 6 iter: 399 loss_domain: 475.8487854003906 loss_boundary: 0.018984045833349228 loss_total: 477.7471923828125 boundary_weight: 100)
2024-12-11 17:02:05,708 - INFO - epoch: 6 iter: 499 loss_domain: 472.6990966796875 loss_boundary: 0.01892479881644249 loss_total: 474.5915832519531 boundary_weight: 100)
2024-12-11 17:02:09,304 - INFO - nf epoch: 7 iter: 99 loss:734.2218627929688)
2024-12-11 17:02:12,870 - INFO - nf epoch: 7 iter: 199 loss:722.5029296875)
2024-12-11 17:02:16,401 - INFO - nf epoch: 7 iter: 299 loss:717.548095703125)
2024-12-11 17:02:19,957 - INFO - nf epoch: 7 iter: 399 loss:715.9048461914062)
2024-12-11 17:02:23,489 - INFO - nf epoch: 7 iter: 499 loss:715.6582641601562)
2024-12-11 17:02:25,053 - INFO - epoch: 7 iter: 99 loss_domain: 492.80889892578125 loss_boundary: 0.015448818914592266 loss_total: 494.3537902832031 boundary_weight: 100)
2024-12-11 17:02:26,462 - INFO - epoch: 7 iter: 199 loss_domain: 401.8887939453125 loss_boundary: 0.013822085224092007 loss_total: 403.27099609375 boundary_weight: 100)
2024-12-11 17:02:27,803 - INFO - epoch: 7 iter: 299 loss_domain: 360.0810546875 loss_boundary: 0.013014431111514568 loss_total: 361.38250732421875 boundary_weight: 100)
2024-12-11 17:02:29,151 - INFO - epoch: 7 iter: 399 loss_domain: 344.38427734375 loss_boundary: 0.012694060802459717 loss_total: 345.6536865234375 boundary_weight: 100)
2024-12-11 17:02:30,524 - INFO - epoch: 7 iter: 499 loss_domain: 341.96173095703125 loss_boundary: 0.012643609195947647 loss_total: 343.2261047363281 boundary_weight: 100)
2024-12-11 17:02:34,088 - INFO - nf epoch: 8 iter: 99 loss:476.706298828125)
2024-12-11 17:02:37,573 - INFO - nf epoch: 8 iter: 199 loss:457.55169677734375)
2024-12-11 17:02:41,131 - INFO - nf epoch: 8 iter: 299 loss:448.5466003417969)
2024-12-11 17:02:44,758 - INFO - nf epoch: 8 iter: 399 loss:445.1678466796875)
2024-12-11 17:02:48,378 - INFO - nf epoch: 8 iter: 499 loss:444.6510314941406)
2024-12-11 17:02:50,074 - INFO - epoch: 8 iter: 99 loss_domain: 352.9172668457031 loss_boundary: 0.013966193422675133 loss_total: 354.3138732910156 boundary_weight: 100)
2024-12-11 17:02:51,432 - INFO - epoch: 8 iter: 199 loss_domain: 289.09381103515625 loss_boundary: 0.012811173684895039 loss_total: 290.37493896484375 boundary_weight: 100)
2024-12-11 17:02:52,792 - INFO - epoch: 8 iter: 299 loss_domain: 260.1234436035156 loss_boundary: 0.012138349935412407 loss_total: 261.3372802734375 boundary_weight: 100)
2024-12-11 17:02:54,199 - INFO - epoch: 8 iter: 399 loss_domain: 249.2648162841797 loss_boundary: 0.011864321306347847 loss_total: 250.4512481689453 boundary_weight: 100)
2024-12-11 17:02:55,674 - INFO - epoch: 8 iter: 499 loss_domain: 247.5887451171875 loss_boundary: 0.0118210194632411 loss_total: 248.77084350585938 boundary_weight: 100)
2024-12-11 17:02:59,282 - INFO - nf epoch: 9 iter: 99 loss:457.86767578125)
2024-12-11 17:03:02,903 - INFO - nf epoch: 9 iter: 199 loss:452.086181640625)
2024-12-11 17:03:06,416 - INFO - nf epoch: 9 iter: 299 loss:449.61505126953125)
2024-12-11 17:03:09,966 - INFO - nf epoch: 9 iter: 399 loss:448.6621398925781)
2024-12-11 17:03:13,586 - INFO - nf epoch: 9 iter: 499 loss:448.51080322265625)
2024-12-11 17:03:15,271 - INFO - epoch: 9 iter: 99 loss_domain: 216.1376495361328 loss_boundary: 0.008738544769585133 loss_total: 217.01150512695312 boundary_weight: 100)
2024-12-11 17:03:16,664 - INFO - epoch: 9 iter: 199 loss_domain: 177.7681427001953 loss_boundary: 0.00794476643204689 loss_total: 178.5626220703125 boundary_weight: 100)
2024-12-11 17:03:18,050 - INFO - epoch: 9 iter: 299 loss_domain: 160.89260864257812 loss_boundary: 0.007539911661297083 loss_total: 161.6466064453125 boundary_weight: 100)
2024-12-11 17:03:19,440 - INFO - epoch: 9 iter: 399 loss_domain: 154.63027954101562 loss_boundary: 0.007380643859505653 loss_total: 155.36834716796875 boundary_weight: 100)
2024-12-11 17:03:20,844 - INFO - epoch: 9 iter: 499 loss_domain: 153.6656951904297 loss_boundary: 0.007355665322393179 loss_total: 154.40126037597656 boundary_weight: 100)
2024-12-11 17:03:24,398 - INFO - nf epoch: 10 iter: 99 loss:270.8991394042969)
2024-12-11 17:03:27,972 - INFO - nf epoch: 10 iter: 199 loss:266.560546875)
2024-12-11 17:03:31,559 - INFO - nf epoch: 10 iter: 299 loss:264.54608154296875)
2024-12-11 17:03:35,114 - INFO - nf epoch: 10 iter: 399 loss:263.7752380371094)
2024-12-11 17:03:38,738 - INFO - nf epoch: 10 iter: 499 loss:263.64739990234375)
2024-12-11 17:03:40,378 - INFO - epoch: 10 iter: 99 loss_domain: 157.7346649169922 loss_boundary: 0.006326611153781414 loss_total: 158.36732482910156 boundary_weight: 100)
2024-12-11 17:03:41,738 - INFO - epoch: 10 iter: 199 loss_domain: 129.85919189453125 loss_boundary: 0.005507531575858593 loss_total: 130.40994262695312 boundary_weight: 100)
2024-12-11 17:03:43,156 - INFO - epoch: 10 iter: 299 loss_domain: 117.43490600585938 loss_boundary: 0.005104685202240944 loss_total: 117.94537353515625 boundary_weight: 100)
2024-12-11 17:03:44,575 - INFO - epoch: 10 iter: 399 loss_domain: 112.81156921386719 loss_boundary: 0.004952222108840942 loss_total: 113.30679321289062 boundary_weight: 100)
2024-12-11 17:03:45,998 - INFO - epoch: 10 iter: 499 loss_domain: 112.09904479980469 loss_boundary: 0.004928708542138338 loss_total: 112.5919189453125 boundary_weight: 100)
2024-12-11 17:03:49,516 - INFO - nf epoch: 11 iter: 99 loss:179.9966583251953)
2024-12-11 17:03:53,071 - INFO - nf epoch: 11 iter: 199 loss:175.06948852539062)
2024-12-11 17:03:56,705 - INFO - nf epoch: 11 iter: 299 loss:172.39450073242188)
2024-12-11 17:04:00,264 - INFO - nf epoch: 11 iter: 399 loss:171.34376525878906)
2024-12-11 17:04:03,832 - INFO - nf epoch: 11 iter: 499 loss:171.19358825683594)
2024-12-11 17:04:05,613 - INFO - epoch: 11 iter: 99 loss_domain: 132.32589721679688 loss_boundary: 0.0054732635617256165 loss_total: 132.87322998046875 boundary_weight: 100)
2024-12-11 17:04:07,027 - INFO - epoch: 11 iter: 199 loss_domain: 108.90828704833984 loss_boundary: 0.0049689579755067825 loss_total: 109.40518188476562 boundary_weight: 100)
2024-12-11 17:04:08,440 - INFO - epoch: 11 iter: 299 loss_domain: 98.67168426513672 loss_boundary: 0.004699304699897766 loss_total: 99.14161682128906 boundary_weight: 100)
2024-12-11 17:04:09,842 - INFO - epoch: 11 iter: 399 loss_domain: 94.8693618774414 loss_boundary: 0.004592675715684891 loss_total: 95.32862854003906 boundary_weight: 100)
2024-12-11 17:04:11,263 - INFO - epoch: 11 iter: 499 loss_domain: 94.28358459472656 loss_boundary: 0.004575976636260748 loss_total: 94.74118041992188 boundary_weight: 100)
2024-12-11 17:04:14,891 - INFO - nf epoch: 12 iter: 99 loss:183.9261016845703)
2024-12-11 17:04:18,445 - INFO - nf epoch: 12 iter: 199 loss:181.77267456054688)
2024-12-11 17:04:22,093 - INFO - nf epoch: 12 iter: 299 loss:180.99427795410156)
2024-12-11 17:04:25,752 - INFO - nf epoch: 12 iter: 399 loss:180.6976776123047)
2024-12-11 17:04:29,354 - INFO - nf epoch: 12 iter: 499 loss:180.6524200439453)
2024-12-11 17:04:31,179 - INFO - epoch: 12 iter: 99 loss_domain: 92.41065979003906 loss_boundary: 0.004313651006668806 loss_total: 92.84202575683594 boundary_weight: 100)
2024-12-11 17:04:32,606 - INFO - epoch: 12 iter: 199 loss_domain: 76.46659851074219 loss_boundary: 0.004055388737469912 loss_total: 76.87213897705078 boundary_weight: 100)
2024-12-11 17:04:33,992 - INFO - epoch: 12 iter: 299 loss_domain: 69.48880004882812 loss_boundary: 0.0039265453815460205 loss_total: 69.88145446777344 boundary_weight: 100)
2024-12-11 17:04:35,352 - INFO - epoch: 12 iter: 399 loss_domain: 66.90186309814453 loss_boundary: 0.003875043708831072 loss_total: 67.28936767578125 boundary_weight: 100)
2024-12-11 17:04:36,720 - INFO - epoch: 12 iter: 499 loss_domain: 66.5035171508789 loss_boundary: 0.003866911167278886 loss_total: 66.89020538330078 boundary_weight: 100)
2024-12-11 17:04:40,200 - INFO - nf epoch: 13 iter: 99 loss:135.5993194580078)
2024-12-11 17:04:43,671 - INFO - nf epoch: 13 iter: 199 loss:134.64112854003906)
2024-12-11 17:04:47,277 - INFO - nf epoch: 13 iter: 299 loss:134.1116180419922)
2024-12-11 17:04:50,929 - INFO - nf epoch: 13 iter: 399 loss:133.884765625)
2024-12-11 17:04:54,504 - INFO - nf epoch: 13 iter: 499 loss:133.85072326660156)
2024-12-11 17:04:56,219 - INFO - epoch: 13 iter: 99 loss_domain: 70.19317626953125 loss_boundary: 0.003238304750993848 loss_total: 70.51700592041016 boundary_weight: 100)
2024-12-11 17:04:57,633 - INFO - epoch: 13 iter: 199 loss_domain: 58.408756256103516 loss_boundary: 0.002974366070702672 loss_total: 58.70619201660156 boundary_weight: 100)
2024-12-11 17:04:59,077 - INFO - epoch: 13 iter: 299 loss_domain: 53.01949691772461 loss_boundary: 0.0028390632942318916 loss_total: 53.303401947021484 boundary_weight: 100)
2024-12-11 17:05:00,467 - INFO - epoch: 13 iter: 399 loss_domain: 50.990234375 loss_boundary: 0.0027859380934387445 loss_total: 51.268829345703125 boundary_weight: 100)
2024-12-11 17:05:01,861 - INFO - epoch: 13 iter: 499 loss_domain: 50.676387786865234 loss_boundary: 0.0027776104398071766 loss_total: 50.95414733886719 boundary_weight: 100)
2024-12-11 17:05:05,415 - INFO - nf epoch: 14 iter: 99 loss:103.69717407226562)
2024-12-11 17:05:09,026 - INFO - nf epoch: 14 iter: 199 loss:102.54098510742188)
2024-12-11 17:05:12,596 - INFO - nf epoch: 14 iter: 299 loss:102.05941009521484)
2024-12-11 17:05:16,163 - INFO - nf epoch: 14 iter: 399 loss:101.87773132324219)
2024-12-11 17:05:19,793 - INFO - nf epoch: 14 iter: 499 loss:101.85173034667969)
2024-12-11 17:05:21,524 - INFO - epoch: 14 iter: 99 loss_domain: 45.121822357177734 loss_boundary: 0.002293290803208947 loss_total: 45.35115051269531 boundary_weight: 100)
2024-12-11 17:05:22,939 - INFO - epoch: 14 iter: 199 loss_domain: 37.05313491821289 loss_boundary: 0.0021836482919752598 loss_total: 37.27149963378906 boundary_weight: 100)
2024-12-11 17:05:24,348 - INFO - epoch: 14 iter: 299 loss_domain: 33.574249267578125 loss_boundary: 0.002118003787472844 loss_total: 33.786048889160156 boundary_weight: 100)
2024-12-11 17:05:25,673 - INFO - epoch: 14 iter: 399 loss_domain: 32.290287017822266 loss_boundary: 0.002090774942189455 loss_total: 32.49936294555664 boundary_weight: 100)
2024-12-11 17:05:27,007 - INFO - epoch: 14 iter: 499 loss_domain: 32.0928840637207 loss_boundary: 0.002086460590362549 loss_total: 32.30152893066406 boundary_weight: 100)
2024-12-11 17:05:30,513 - INFO - nf epoch: 15 iter: 99 loss:79.07881927490234)
2024-12-11 17:05:34,109 - INFO - nf epoch: 15 iter: 199 loss:49.63717269897461)
2024-12-11 17:05:37,687 - INFO - nf epoch: 15 iter: 299 loss:45.128475189208984)
2024-12-11 17:05:41,213 - INFO - nf epoch: 15 iter: 399 loss:43.27890396118164)
2024-12-11 17:05:44,712 - INFO - nf epoch: 15 iter: 499 loss:43.010009765625)
2024-12-11 17:05:46,520 - INFO - epoch: 15 iter: 99 loss_domain: 49.07297134399414 loss_boundary: 0.0023792560677975416 loss_total: 49.31089782714844 boundary_weight: 100)
2024-12-11 17:05:47,925 - INFO - epoch: 15 iter: 199 loss_domain: 41.14595031738281 loss_boundary: 0.0022277464158833027 loss_total: 41.36872482299805 boundary_weight: 100)
2024-12-11 17:05:49,285 - INFO - epoch: 15 iter: 299 loss_domain: 37.72544860839844 loss_boundary: 0.002166410908102989 loss_total: 37.94208908081055 boundary_weight: 100)
2024-12-11 17:05:50,639 - INFO - epoch: 15 iter: 399 loss_domain: 36.45840072631836 loss_boundary: 0.0021445900201797485 loss_total: 36.67285919189453 boundary_weight: 100)
2024-12-11 17:05:51,991 - INFO - epoch: 15 iter: 499 loss_domain: 36.263267517089844 loss_boundary: 0.0021412810310721397 loss_total: 36.477394104003906 boundary_weight: 100)
2024-12-11 17:05:55,576 - INFO - nf epoch: 16 iter: 99 loss:74.7667236328125)
2024-12-11 17:05:59,142 - INFO - nf epoch: 16 iter: 199 loss:73.44388580322266)
2024-12-11 17:06:02,689 - INFO - nf epoch: 16 iter: 299 loss:73.0550765991211)
2024-12-11 17:06:06,323 - INFO - nf epoch: 16 iter: 399 loss:72.92682647705078)
2024-12-11 17:06:10,070 - INFO - nf epoch: 16 iter: 499 loss:72.90766143798828)
2024-12-11 17:06:11,860 - INFO - epoch: 16 iter: 99 loss_domain: 36.40088653564453 loss_boundary: 0.002025530207902193 loss_total: 36.60343933105469 boundary_weight: 100)
2024-12-11 17:06:13,272 - INFO - epoch: 16 iter: 199 loss_domain: 30.702054977416992 loss_boundary: 0.0019648608285933733 loss_total: 30.898540496826172 boundary_weight: 100)
2024-12-11 17:06:14,676 - INFO - epoch: 16 iter: 299 loss_domain: 28.236652374267578 loss_boundary: 0.0019229270983487368 loss_total: 28.428945541381836 boundary_weight: 100)
2024-12-11 17:06:16,061 - INFO - epoch: 16 iter: 399 loss_domain: 27.32086181640625 loss_boundary: 0.0019041515188291669 loss_total: 27.511276245117188 boundary_weight: 100)
2024-12-11 17:06:17,454 - INFO - epoch: 16 iter: 499 loss_domain: 27.17962074279785 loss_boundary: 0.0019010802498087287 loss_total: 27.369728088378906 boundary_weight: 100)
2024-12-11 17:06:20,975 - INFO - nf epoch: 17 iter: 99 loss:62.53816604614258)
2024-12-11 17:06:24,541 - INFO - nf epoch: 17 iter: 199 loss:62.01806640625)
2024-12-11 17:06:28,152 - INFO - nf epoch: 17 iter: 299 loss:61.795684814453125)
2024-12-11 17:06:31,747 - INFO - nf epoch: 17 iter: 399 loss:61.66677474975586)
2024-12-11 17:06:35,387 - INFO - nf epoch: 17 iter: 499 loss:61.64289855957031)
2024-12-11 17:06:37,385 - INFO - epoch: 17 iter: 99 loss_domain: 29.26354217529297 loss_boundary: 0.0017277572769671679 loss_total: 29.436317443847656 boundary_weight: 100)
2024-12-11 17:06:38,780 - INFO - epoch: 17 iter: 199 loss_domain: 24.83989906311035 loss_boundary: 0.0016410724492743611 loss_total: 25.004005432128906 boundary_weight: 100)
2024-12-11 17:06:40,164 - INFO - epoch: 17 iter: 299 loss_domain: 22.88512420654297 loss_boundary: 0.0015955785056576133 loss_total: 23.044681549072266 boundary_weight: 100)
2024-12-11 17:06:41,566 - INFO - epoch: 17 iter: 399 loss_domain: 22.151775360107422 loss_boundary: 0.0015771780163049698 loss_total: 22.309494018554688 boundary_weight: 100)
2024-12-11 17:06:42,965 - INFO - epoch: 17 iter: 499 loss_domain: 22.038347244262695 loss_boundary: 0.001574257854372263 loss_total: 22.195772171020508 boundary_weight: 100)
2024-12-11 17:06:46,513 - INFO - nf epoch: 18 iter: 99 loss:44.28581619262695)
2024-12-11 17:06:50,136 - INFO - nf epoch: 18 iter: 199 loss:43.501224517822266)
2024-12-11 17:06:53,704 - INFO - nf epoch: 18 iter: 299 loss:43.14101028442383)
2024-12-11 17:06:57,302 - INFO - nf epoch: 18 iter: 399 loss:43.014102935791016)
2024-12-11 17:07:00,909 - INFO - nf epoch: 18 iter: 499 loss:42.99452209472656)
2024-12-11 17:07:02,745 - INFO - epoch: 18 iter: 99 loss_domain: 24.141555786132812 loss_boundary: 0.0014181302394717932 loss_total: 24.283369064331055 boundary_weight: 100)
2024-12-11 17:07:04,171 - INFO - epoch: 18 iter: 199 loss_domain: 20.472900390625 loss_boundary: 0.0013644766295328736 loss_total: 20.60934829711914 boundary_weight: 100)
2024-12-11 17:07:05,553 - INFO - epoch: 18 iter: 299 loss_domain: 18.821269989013672 loss_boundary: 0.0013314621755853295 loss_total: 18.954416275024414 boundary_weight: 100)
2024-12-11 17:07:06,873 - INFO - epoch: 18 iter: 399 loss_domain: 18.198415756225586 loss_boundary: 0.001317931106314063 loss_total: 18.330209732055664 boundary_weight: 100)
2024-12-11 17:07:08,294 - INFO - epoch: 18 iter: 499 loss_domain: 18.10194969177246 loss_boundary: 0.001315814326517284 loss_total: 18.233531951904297 boundary_weight: 100)
2024-12-11 17:07:11,861 - INFO - nf epoch: 19 iter: 99 loss:39.996116638183594)
2024-12-11 17:07:15,468 - INFO - nf epoch: 19 iter: 199 loss:39.736961364746094)
2024-12-11 17:07:19,018 - INFO - nf epoch: 19 iter: 299 loss:39.61267852783203)
2024-12-11 17:07:22,621 - INFO - nf epoch: 19 iter: 399 loss:39.55565643310547)
2024-12-11 17:07:26,210 - INFO - nf epoch: 19 iter: 499 loss:39.54715347290039)
2024-12-11 17:07:28,002 - INFO - epoch: 19 iter: 99 loss_domain: 18.221452713012695 loss_boundary: 0.0013606126885861158 loss_total: 18.357513427734375 boundary_weight: 100)
2024-12-11 17:07:29,362 - INFO - epoch: 19 iter: 199 loss_domain: 15.077896118164062 loss_boundary: 0.001324011362157762 loss_total: 15.210297584533691 boundary_weight: 100)
2024-12-11 17:07:30,734 - INFO - epoch: 19 iter: 299 loss_domain: 13.715476036071777 loss_boundary: 0.0012934872647747397 loss_total: 13.84482479095459 boundary_weight: 100)
2024-12-11 17:07:32,090 - INFO - epoch: 19 iter: 399 loss_domain: 13.210368156433105 loss_boundary: 0.0012796975206583738 loss_total: 13.338337898254395 boundary_weight: 100)
2024-12-11 17:07:33,492 - INFO - epoch: 19 iter: 499 loss_domain: 13.132614135742188 loss_boundary: 0.001277454080991447 loss_total: 13.260359764099121 boundary_weight: 100)
2024-12-11 17:07:37,138 - INFO - nf epoch: 20 iter: 99 loss:33.34471130371094)
2024-12-11 17:07:40,632 - INFO - nf epoch: 20 iter: 199 loss:32.97184371948242)
2024-12-11 17:07:44,222 - INFO - nf epoch: 20 iter: 299 loss:32.71114730834961)
2024-12-11 17:07:47,911 - INFO - nf epoch: 20 iter: 399 loss:32.60702896118164)
2024-12-11 17:07:51,495 - INFO - nf epoch: 20 iter: 499 loss:32.58762741088867)
2024-12-11 17:07:53,254 - INFO - epoch: 20 iter: 99 loss_domain: 13.730219841003418 loss_boundary: 0.0010979312937706709 loss_total: 13.840012550354004 boundary_weight: 100)
2024-12-11 17:07:54,684 - INFO - epoch: 20 iter: 199 loss_domain: 11.323384284973145 loss_boundary: 0.0010422500781714916 loss_total: 11.42760944366455 boundary_weight: 100)
2024-12-11 17:07:56,077 - INFO - epoch: 20 iter: 299 loss_domain: 10.309852600097656 loss_boundary: 0.0010113536845892668 loss_total: 10.410987854003906 boundary_weight: 100)
2024-12-11 17:07:57,442 - INFO - epoch: 20 iter: 399 loss_domain: 9.937052726745605 loss_boundary: 0.0009987355442717671 loss_total: 10.03692626953125 boundary_weight: 100)
2024-12-11 17:07:58,836 - INFO - epoch: 20 iter: 499 loss_domain: 9.879770278930664 loss_boundary: 0.000996736460365355 loss_total: 9.979443550109863 boundary_weight: 100)
2024-12-11 17:08:02,460 - INFO - nf epoch: 21 iter: 99 loss:16.617448806762695)
2024-12-11 17:08:06,145 - INFO - nf epoch: 21 iter: 199 loss:10.228200912475586)
2024-12-11 17:08:09,752 - INFO - nf epoch: 21 iter: 299 loss:8.758045196533203)
2024-12-11 17:08:13,417 - INFO - nf epoch: 21 iter: 399 loss:7.957763671875)
2024-12-11 17:08:17,028 - INFO - nf epoch: 21 iter: 499 loss:7.814780235290527)
2024-12-11 17:08:18,883 - INFO - epoch: 21 iter: 99 loss_domain: 17.881649017333984 loss_boundary: 0.0009879127610474825 loss_total: 17.980440139770508 boundary_weight: 100)
2024-12-11 17:08:20,292 - INFO - epoch: 21 iter: 199 loss_domain: 14.932530403137207 loss_boundary: 0.0009637034963816404 loss_total: 15.028901100158691 boundary_weight: 100)
2024-12-11 17:08:21,702 - INFO - epoch: 21 iter: 299 loss_domain: 13.777938842773438 loss_boundary: 0.0009562776540406048 loss_total: 13.873566627502441 boundary_weight: 100)
2024-12-11 17:08:23,131 - INFO - epoch: 21 iter: 399 loss_domain: 13.365291595458984 loss_boundary: 0.0009537930018268526 loss_total: 13.460670471191406 boundary_weight: 100)
2024-12-11 17:08:24,555 - INFO - epoch: 21 iter: 499 loss_domain: 13.302693367004395 loss_boundary: 0.0009534297860227525 loss_total: 13.398036003112793 boundary_weight: 100)
2024-12-11 17:08:28,152 - INFO - nf epoch: 22 iter: 99 loss:26.7706241607666)
2024-12-11 17:08:31,786 - INFO - nf epoch: 22 iter: 199 loss:26.141605377197266)
2024-12-11 17:08:35,457 - INFO - nf epoch: 22 iter: 299 loss:25.878223419189453)
2024-12-11 17:08:39,070 - INFO - nf epoch: 22 iter: 399 loss:25.766878128051758)
2024-12-11 17:08:42,643 - INFO - nf epoch: 22 iter: 499 loss:25.74700164794922)
2024-12-11 17:08:44,448 - INFO - epoch: 22 iter: 99 loss_domain: 13.964262008666992 loss_boundary: 0.0010631299810484052 loss_total: 14.070574760437012 boundary_weight: 100)
2024-12-11 17:08:45,841 - INFO - epoch: 22 iter: 199 loss_domain: 12.352880477905273 loss_boundary: 0.0010502999648451805 loss_total: 12.457910537719727 boundary_weight: 100)
2024-12-11 17:08:47,209 - INFO - epoch: 22 iter: 299 loss_domain: 11.67383861541748 loss_boundary: 0.0010389750823378563 loss_total: 11.777735710144043 boundary_weight: 100)
2024-12-11 17:08:48,574 - INFO - epoch: 22 iter: 399 loss_domain: 11.421927452087402 loss_boundary: 0.001033569104038179 loss_total: 11.525284767150879 boundary_weight: 100)
2024-12-11 17:08:49,924 - INFO - epoch: 22 iter: 499 loss_domain: 11.383206367492676 loss_boundary: 0.0010326734045520425 loss_total: 11.48647403717041 boundary_weight: 100)
2024-12-11 17:08:53,573 - INFO - nf epoch: 23 iter: 99 loss:22.15259552001953)
2024-12-11 17:08:57,252 - INFO - nf epoch: 23 iter: 199 loss:21.943927764892578)
2024-12-11 17:09:00,907 - INFO - nf epoch: 23 iter: 299 loss:21.853185653686523)
2024-12-11 17:09:04,549 - INFO - nf epoch: 23 iter: 399 loss:21.812440872192383)
2024-12-11 17:09:08,186 - INFO - nf epoch: 23 iter: 499 loss:21.804649353027344)
2024-12-11 17:09:09,875 - INFO - epoch: 23 iter: 99 loss_domain: 11.501787185668945 loss_boundary: 0.0009672698797658086 loss_total: 11.598514556884766 boundary_weight: 100)
2024-12-11 17:09:11,274 - INFO - epoch: 23 iter: 199 loss_domain: 10.156085014343262 loss_boundary: 0.0009435696410946548 loss_total: 10.250441551208496 boundary_weight: 100)
2024-12-11 17:09:12,637 - INFO - epoch: 23 iter: 299 loss_domain: 9.5653715133667 loss_boundary: 0.0009291417663916945 loss_total: 9.658286094665527 boundary_weight: 100)
2024-12-11 17:09:13,949 - INFO - epoch: 23 iter: 399 loss_domain: 9.344308853149414 loss_boundary: 0.0009230566793121397 loss_total: 9.436614990234375 boundary_weight: 100)
2024-12-11 17:09:15,380 - INFO - epoch: 23 iter: 499 loss_domain: 9.310263633728027 loss_boundary: 0.0009220704669132829 loss_total: 9.402470588684082 boundary_weight: 100)
2024-12-11 17:09:18,987 - INFO - nf epoch: 24 iter: 99 loss:20.550092697143555)
2024-12-11 17:09:22,525 - INFO - nf epoch: 24 iter: 199 loss:20.411636352539062)
2024-12-11 17:09:26,099 - INFO - nf epoch: 24 iter: 299 loss:20.35641098022461)
2024-12-11 17:09:29,639 - INFO - nf epoch: 24 iter: 399 loss:20.323945999145508)
2024-12-11 17:09:33,297 - INFO - nf epoch: 24 iter: 499 loss:20.319250106811523)
2024-12-11 17:09:35,125 - INFO - epoch: 24 iter: 99 loss_domain: 10.468238830566406 loss_boundary: 0.0008085660520009696 loss_total: 10.549095153808594 boundary_weight: 100)
2024-12-11 17:09:36,507 - INFO - epoch: 24 iter: 199 loss_domain: 9.231619834899902 loss_boundary: 0.0007775377598591149 loss_total: 9.30937385559082 boundary_weight: 100)
2024-12-11 17:09:37,920 - INFO - epoch: 24 iter: 299 loss_domain: 8.686803817749023 loss_boundary: 0.000761632458306849 loss_total: 8.762967109680176 boundary_weight: 100)
2024-12-11 17:09:39,308 - INFO - epoch: 24 iter: 399 loss_domain: 8.481935501098633 loss_boundary: 0.0007550949812866747 loss_total: 8.55744457244873 boundary_weight: 100)
2024-12-11 17:09:40,737 - INFO - epoch: 24 iter: 499 loss_domain: 8.450285911560059 loss_boundary: 0.000754060922190547 loss_total: 8.525691986083984 boundary_weight: 100)
2024-12-11 17:09:44,344 - INFO - nf epoch: 25 iter: 99 loss:18.452524185180664)
2024-12-11 17:09:47,963 - INFO - nf epoch: 25 iter: 199 loss:18.31839370727539)
2024-12-11 17:09:51,577 - INFO - nf epoch: 25 iter: 299 loss:18.251453399658203)
2024-12-11 17:09:55,116 - INFO - nf epoch: 25 iter: 399 loss:18.228734970092773)
2024-12-11 17:09:58,696 - INFO - nf epoch: 25 iter: 499 loss:18.225582122802734)
2024-12-11 17:10:00,512 - INFO - epoch: 25 iter: 99 loss_domain: 9.295004844665527 loss_boundary: 0.0008165693143382668 loss_total: 9.37666130065918 boundary_weight: 100)
2024-12-11 17:10:01,900 - INFO - epoch: 25 iter: 199 loss_domain: 8.172386169433594 loss_boundary: 0.0007933451561257243 loss_total: 8.251720428466797 boundary_weight: 100)
2024-12-11 17:10:03,288 - INFO - epoch: 25 iter: 299 loss_domain: 7.676695346832275 loss_boundary: 0.0007800707826390862 loss_total: 7.754702568054199 boundary_weight: 100)
2024-12-11 17:10:04,692 - INFO - epoch: 25 iter: 399 loss_domain: 7.489989757537842 loss_boundary: 0.000774688960518688 loss_total: 7.567458629608154 boundary_weight: 100)
2024-12-11 17:10:06,084 - INFO - epoch: 25 iter: 499 loss_domain: 7.461110591888428 loss_boundary: 0.0007738255662843585 loss_total: 7.5384931564331055 boundary_weight: 100)
2024-12-11 17:10:09,584 - INFO - nf epoch: 26 iter: 99 loss:15.40950870513916)
2024-12-11 17:10:13,152 - INFO - nf epoch: 26 iter: 199 loss:15.289965629577637)
2024-12-11 17:10:16,739 - INFO - nf epoch: 26 iter: 299 loss:15.230340003967285)
2024-12-11 17:10:20,296 - INFO - nf epoch: 26 iter: 399 loss:15.207841873168945)
2024-12-11 17:10:23,865 - INFO - nf epoch: 26 iter: 499 loss:15.203987121582031)
2024-12-11 17:10:25,700 - INFO - epoch: 26 iter: 99 loss_domain: 8.703777313232422 loss_boundary: 0.0007641109987162054 loss_total: 8.78018856048584 boundary_weight: 100)
2024-12-11 17:10:27,080 - INFO - epoch: 26 iter: 199 loss_domain: 7.622371673583984 loss_boundary: 0.000731799693312496 loss_total: 7.695551872253418 boundary_weight: 100)
2024-12-11 17:10:28,456 - INFO - epoch: 26 iter: 299 loss_domain: 7.138260841369629 loss_boundary: 0.0007138674845919013 loss_total: 7.2096476554870605 boundary_weight: 100)
2024-12-11 17:10:29,839 - INFO - epoch: 26 iter: 399 loss_domain: 6.954577922821045 loss_boundary: 0.0007066020043566823 loss_total: 7.025238037109375 boundary_weight: 100)
2024-12-11 17:10:31,269 - INFO - epoch: 26 iter: 499 loss_domain: 6.926033973693848 loss_boundary: 0.0007054547895677388 loss_total: 6.996579647064209 boundary_weight: 100)
2024-12-11 17:10:34,877 - INFO - nf epoch: 27 iter: 99 loss:14.092761993408203)
2024-12-11 17:10:38,378 - INFO - nf epoch: 27 iter: 199 loss:13.787761688232422)
2024-12-11 17:10:41,879 - INFO - nf epoch: 27 iter: 299 loss:13.67270278930664)
2024-12-11 17:10:45,470 - INFO - nf epoch: 27 iter: 399 loss:13.62966537475586)
2024-12-11 17:10:49,046 - INFO - nf epoch: 27 iter: 499 loss:13.620943069458008)
2024-12-11 17:10:50,685 - INFO - epoch: 27 iter: 99 loss_domain: 7.253025531768799 loss_boundary: 0.0006956479628570378 loss_total: 7.322590351104736 boundary_weight: 100)
2024-12-11 17:10:52,095 - INFO - epoch: 27 iter: 199 loss_domain: 6.159315586090088 loss_boundary: 0.0006780220428481698 loss_total: 6.227118015289307 boundary_weight: 100)
2024-12-11 17:10:53,487 - INFO - epoch: 27 iter: 299 loss_domain: 5.684220314025879 loss_boundary: 0.0006671855808235705 loss_total: 5.750938892364502 boundary_weight: 100)
2024-12-11 17:10:54,882 - INFO - epoch: 27 iter: 399 loss_domain: 5.507145404815674 loss_boundary: 0.0006624965462833643 loss_total: 5.573395252227783 boundary_weight: 100)
2024-12-11 17:10:56,264 - INFO - epoch: 27 iter: 499 loss_domain: 5.479836940765381 loss_boundary: 0.0006617469480261207 loss_total: 5.546011447906494 boundary_weight: 100)
2024-12-11 17:10:59,780 - INFO - nf epoch: 28 iter: 99 loss:14.705730438232422)
2024-12-11 17:11:03,291 - INFO - nf epoch: 28 iter: 199 loss:14.468070030212402)
2024-12-11 17:11:06,986 - INFO - nf epoch: 28 iter: 299 loss:14.342096328735352)
2024-12-11 17:11:10,614 - INFO - nf epoch: 28 iter: 399 loss:14.284941673278809)
2024-12-11 17:11:14,217 - INFO - nf epoch: 28 iter: 499 loss:14.277819633483887)
2024-12-11 17:11:15,907 - INFO - epoch: 28 iter: 99 loss_domain: 5.297530174255371 loss_boundary: 0.0005813385359942913 loss_total: 5.355664253234863 boundary_weight: 100)
2024-12-11 17:11:17,309 - INFO - epoch: 28 iter: 199 loss_domain: 4.472350120544434 loss_boundary: 0.0005622739554382861 loss_total: 4.5285773277282715 boundary_weight: 100)
2024-12-11 17:11:18,608 - INFO - epoch: 28 iter: 299 loss_domain: 4.130890846252441 loss_boundary: 0.0005496909725479782 loss_total: 4.1858601570129395 boundary_weight: 100)
2024-12-11 17:11:19,897 - INFO - epoch: 28 iter: 399 loss_domain: 4.005160331726074 loss_boundary: 0.0005442833062261343 loss_total: 4.059588432312012 boundary_weight: 100)
2024-12-11 17:11:21,253 - INFO - epoch: 28 iter: 499 loss_domain: 3.9858412742614746 loss_boundary: 0.0005434122867882252 loss_total: 4.040182590484619 boundary_weight: 100)
2024-12-11 17:11:24,810 - INFO - nf epoch: 29 iter: 99 loss:11.510395050048828)
2024-12-11 17:11:28,365 - INFO - nf epoch: 29 iter: 199 loss:11.297460556030273)
2024-12-11 17:11:32,012 - INFO - nf epoch: 29 iter: 299 loss:11.168695449829102)
2024-12-11 17:11:35,660 - INFO - nf epoch: 29 iter: 399 loss:11.129755973815918)
2024-12-11 17:11:39,247 - INFO - nf epoch: 29 iter: 499 loss:11.12464714050293)
2024-12-11 17:11:41,105 - INFO - epoch: 29 iter: 99 loss_domain: 4.918224334716797 loss_boundary: 0.0005739924963563681 loss_total: 4.975623607635498 boundary_weight: 100)
2024-12-11 17:11:42,450 - INFO - epoch: 29 iter: 199 loss_domain: 4.134476661682129 loss_boundary: 0.000554681580979377 loss_total: 4.189944744110107 boundary_weight: 100)
2024-12-11 17:11:43,850 - INFO - epoch: 29 iter: 299 loss_domain: 3.7974917888641357 loss_boundary: 0.0005449621239677072 loss_total: 3.8519880771636963 boundary_weight: 100)
2024-12-11 17:11:45,278 - INFO - epoch: 29 iter: 399 loss_domain: 3.672358512878418 loss_boundary: 0.0005410392768681049 loss_total: 3.7264623641967773 boundary_weight: 100)
2024-12-11 17:11:46,712 - INFO - epoch: 29 iter: 499 loss_domain: 3.653089761734009 loss_boundary: 0.0005404180847108364 loss_total: 3.7071316242218018 boundary_weight: 100)
2024-12-11 17:11:50,324 - INFO - nf epoch: 30 iter: 99 loss:9.358461380004883)
2024-12-11 17:11:53,904 - INFO - nf epoch: 30 iter: 199 loss:9.04828929901123)
2024-12-11 17:11:57,520 - INFO - nf epoch: 30 iter: 299 loss:8.927391052246094)
2024-12-11 17:12:01,148 - INFO - nf epoch: 30 iter: 399 loss:8.886330604553223)
2024-12-11 17:12:04,758 - INFO - nf epoch: 30 iter: 499 loss:8.879291534423828)
2024-12-11 17:12:06,556 - INFO - epoch: 30 iter: 99 loss_domain: 4.9025654792785645 loss_boundary: 0.0005484236753545702 loss_total: 4.9574079513549805 boundary_weight: 100)
2024-12-11 17:12:07,935 - INFO - epoch: 30 iter: 199 loss_domain: 4.175370216369629 loss_boundary: 0.0005359236383810639 loss_total: 4.228962421417236 boundary_weight: 100)
2024-12-11 17:12:09,338 - INFO - epoch: 30 iter: 299 loss_domain: 3.872281074523926 loss_boundary: 0.0005292315036058426 loss_total: 3.925204277038574 boundary_weight: 100)
2024-12-11 17:12:10,798 - INFO - epoch: 30 iter: 399 loss_domain: 3.7601139545440674 loss_boundary: 0.0005264878855086863 loss_total: 3.81276273727417 boundary_weight: 100)
2024-12-11 17:12:12,162 - INFO - epoch: 30 iter: 499 loss_domain: 3.7428858280181885 loss_boundary: 0.0005260552279651165 loss_total: 3.7954914569854736 boundary_weight: 100)
2024-12-11 17:12:15,775 - INFO - nf epoch: 31 iter: 99 loss:8.8683500289917)
2024-12-11 17:12:19,355 - INFO - nf epoch: 31 iter: 199 loss:8.627584457397461)
2024-12-11 17:12:23,076 - INFO - nf epoch: 31 iter: 299 loss:8.509069442749023)
2024-12-11 17:12:26,666 - INFO - nf epoch: 31 iter: 399 loss:8.47732925415039)
2024-12-11 17:12:30,215 - INFO - nf epoch: 31 iter: 499 loss:8.471550941467285)
2024-12-11 17:12:31,963 - INFO - epoch: 31 iter: 99 loss_domain: 4.1930718421936035 loss_boundary: 0.0005129228229634464 loss_total: 4.244364261627197 boundary_weight: 100)
2024-12-11 17:12:33,400 - INFO - epoch: 31 iter: 199 loss_domain: 3.539621353149414 loss_boundary: 0.0004998333752155304 loss_total: 3.589604616165161 boundary_weight: 100)
2024-12-11 17:12:34,784 - INFO - epoch: 31 iter: 299 loss_domain: 3.2717015743255615 loss_boundary: 0.0004932774463668466 loss_total: 3.3210294246673584 boundary_weight: 100)
2024-12-11 17:12:36,101 - INFO - epoch: 31 iter: 399 loss_domain: 3.173933982849121 loss_boundary: 0.0004906085669063032 loss_total: 3.222994804382324 boundary_weight: 100)
2024-12-11 17:12:37,421 - INFO - epoch: 31 iter: 499 loss_domain: 3.1589550971984863 loss_boundary: 0.0004901878419332206 loss_total: 3.2079739570617676 boundary_weight: 100)
2024-12-11 17:12:41,025 - INFO - nf epoch: 32 iter: 99 loss:7.89652156829834)
2024-12-11 17:12:44,640 - INFO - nf epoch: 32 iter: 199 loss:7.6704607009887695)
2024-12-11 17:12:48,239 - INFO - nf epoch: 32 iter: 299 loss:7.58522891998291)
2024-12-11 17:12:51,741 - INFO - nf epoch: 32 iter: 399 loss:7.561821460723877)
2024-12-11 17:12:55,597 - INFO - nf epoch: 32 iter: 499 loss:7.558060646057129)
2024-12-11 17:12:57,203 - INFO - epoch: 32 iter: 99 loss_domain: 3.6336112022399902 loss_boundary: 0.0005008556181564927 loss_total: 3.683696746826172 boundary_weight: 100)
2024-12-11 17:12:58,573 - INFO - epoch: 32 iter: 199 loss_domain: 3.120161533355713 loss_boundary: 0.0004941799561493099 loss_total: 3.16957950592041 boundary_weight: 100)
2024-12-11 17:12:59,933 - INFO - epoch: 32 iter: 299 loss_domain: 2.9055378437042236 loss_boundary: 0.0004889783449470997 loss_total: 2.9544355869293213 boundary_weight: 100)
2024-12-11 17:13:01,267 - INFO - epoch: 32 iter: 399 loss_domain: 2.8261232376098633 loss_boundary: 0.000486619072034955 loss_total: 2.8747851848602295 boundary_weight: 100)
2024-12-11 17:13:02,643 - INFO - epoch: 32 iter: 499 loss_domain: 2.81390118598938 loss_boundary: 0.00048623461043462157 loss_total: 2.8625247478485107 boundary_weight: 100)
2024-12-11 17:13:06,172 - INFO - nf epoch: 33 iter: 99 loss:7.482335567474365)
2024-12-11 17:13:09,726 - INFO - nf epoch: 33 iter: 199 loss:7.3930983543396)
2024-12-11 17:13:13,315 - INFO - nf epoch: 33 iter: 299 loss:7.348240375518799)
2024-12-11 17:13:16,885 - INFO - nf epoch: 33 iter: 399 loss:7.332607746124268)
2024-12-11 17:13:20,355 - INFO - nf epoch: 33 iter: 499 loss:7.330487251281738)
2024-12-11 17:13:22,023 - INFO - epoch: 33 iter: 99 loss_domain: 3.0800812244415283 loss_boundary: 0.0004223950672894716 loss_total: 3.1223206520080566 boundary_weight: 100)
2024-12-11 17:13:23,399 - INFO - epoch: 33 iter: 199 loss_domain: 2.651123285293579 loss_boundary: 0.00040930340765044093 loss_total: 2.6920535564422607 boundary_weight: 100)
2024-12-11 17:13:24,751 - INFO - epoch: 33 iter: 299 loss_domain: 2.4624104499816895 loss_boundary: 0.0004025119706057012 loss_total: 2.50266170501709 boundary_weight: 100)
2024-12-11 17:13:26,095 - INFO - epoch: 33 iter: 399 loss_domain: 2.391515016555786 loss_boundary: 0.0003997458843514323 loss_total: 2.4314897060394287 boundary_weight: 100)
2024-12-11 17:13:27,483 - INFO - epoch: 33 iter: 499 loss_domain: 2.380585193634033 loss_boundary: 0.0003993109567090869 loss_total: 2.4205162525177 boundary_weight: 100)
2024-12-11 17:13:31,050 - INFO - nf epoch: 34 iter: 99 loss:7.464191913604736)
2024-12-11 17:13:34,638 - INFO - nf epoch: 34 iter: 199 loss:7.235230922698975)
2024-12-11 17:13:38,254 - INFO - nf epoch: 34 iter: 299 loss:7.141539096832275)
2024-12-11 17:13:41,852 - INFO - nf epoch: 34 iter: 399 loss:7.102441787719727)
2024-12-11 17:13:45,486 - INFO - nf epoch: 34 iter: 499 loss:7.097466945648193)
2024-12-11 17:13:47,228 - INFO - epoch: 34 iter: 99 loss_domain: 2.514366865158081 loss_boundary: 0.0004187076410744339 loss_total: 2.5562376976013184 boundary_weight: 100)
2024-12-11 17:13:48,661 - INFO - epoch: 34 iter: 199 loss_domain: 2.111696720123291 loss_boundary: 0.00040620044455863535 loss_total: 2.1523168087005615 boundary_weight: 100)
2024-12-11 17:13:49,998 - INFO - epoch: 34 iter: 299 loss_domain: 1.9398350715637207 loss_boundary: 0.00039933575317263603 loss_total: 1.9797686338424683 boundary_weight: 100)
2024-12-11 17:13:51,414 - INFO - epoch: 34 iter: 399 loss_domain: 1.8762917518615723 loss_boundary: 0.0003965288633480668 loss_total: 1.9159446954727173 boundary_weight: 100)
2024-12-11 17:13:52,865 - INFO - epoch: 34 iter: 499 loss_domain: 1.8665263652801514 loss_boundary: 0.0003960787144023925 loss_total: 1.9061342477798462 boundary_weight: 100)
2024-12-11 17:13:56,453 - INFO - nf epoch: 35 iter: 99 loss:6.883752822875977)
2024-12-11 17:14:00,020 - INFO - nf epoch: 35 iter: 199 loss:6.785632610321045)
2024-12-11 17:14:03,636 - INFO - nf epoch: 35 iter: 299 loss:6.736087322235107)
2024-12-11 17:14:07,256 - INFO - nf epoch: 35 iter: 399 loss:6.719001293182373)
2024-12-11 17:14:10,857 - INFO - nf epoch: 35 iter: 499 loss:6.7163262367248535)
2024-12-11 17:14:12,822 - INFO - epoch: 35 iter: 99 loss_domain: 1.9966093301773071 loss_boundary: 0.00042651157127693295 loss_total: 2.0392603874206543 boundary_weight: 100)
2024-12-11 17:14:14,249 - INFO - epoch: 35 iter: 199 loss_domain: 1.681715965270996 loss_boundary: 0.0004204036667943001 loss_total: 1.7237563133239746 boundary_weight: 100)
2024-12-11 17:14:15,634 - INFO - epoch: 35 iter: 299 loss_domain: 1.5477796792984009 loss_boundary: 0.00041563520790077746 loss_total: 1.5893431901931763 boundary_weight: 100)
2024-12-11 17:14:17,025 - INFO - epoch: 35 iter: 399 loss_domain: 1.4981290102005005 loss_boundary: 0.00041349747334606946 loss_total: 1.5394787788391113 boundary_weight: 100)
2024-12-11 17:14:18,422 - INFO - epoch: 35 iter: 499 loss_domain: 1.4904850721359253 loss_boundary: 0.0004131543100811541 loss_total: 1.5318005084991455 boundary_weight: 100)
2024-12-11 17:14:22,029 - INFO - nf epoch: 36 iter: 99 loss:5.98861026763916)
2024-12-11 17:14:25,654 - INFO - nf epoch: 36 iter: 199 loss:4.011388301849365)
2024-12-11 17:14:29,279 - INFO - nf epoch: 36 iter: 299 loss:2.352911949157715)
2024-12-11 17:14:32,883 - INFO - nf epoch: 36 iter: 399 loss:1.822561502456665)
2024-12-11 17:14:36,552 - INFO - nf epoch: 36 iter: 499 loss:1.7255120277404785)
2024-12-11 17:14:38,245 - INFO - epoch: 36 iter: 99 loss_domain: 4.764064788818359 loss_boundary: 0.0003829533525276929 loss_total: 4.8023600578308105 boundary_weight: 100)
2024-12-11 17:14:39,645 - INFO - epoch: 36 iter: 199 loss_domain: 4.001981735229492 loss_boundary: 0.000386329396860674 loss_total: 4.040614604949951 boundary_weight: 100)
2024-12-11 17:14:41,051 - INFO - epoch: 36 iter: 299 loss_domain: 3.7329049110412598 loss_boundary: 0.0003865270409733057 loss_total: 3.771557569503784 boundary_weight: 100)
2024-12-11 17:14:42,467 - INFO - epoch: 36 iter: 399 loss_domain: 3.6396334171295166 loss_boundary: 0.00038635305827483535 loss_total: 3.6782686710357666 boundary_weight: 100)
2024-12-11 17:14:43,869 - INFO - epoch: 36 iter: 499 loss_domain: 3.625764846801758 loss_boundary: 0.00038630247581750154 loss_total: 3.6643950939178467 boundary_weight: 100)
2024-12-11 17:14:47,377 - INFO - nf epoch: 37 iter: 99 loss:5.530180931091309)
2024-12-11 17:14:50,991 - INFO - nf epoch: 37 iter: 199 loss:5.272968769073486)
2024-12-11 17:14:54,613 - INFO - nf epoch: 37 iter: 299 loss:5.170537948608398)
2024-12-11 17:14:58,164 - INFO - nf epoch: 37 iter: 399 loss:5.1336541175842285)
2024-12-11 17:15:01,812 - INFO - nf epoch: 37 iter: 499 loss:5.128341197967529)
2024-12-11 17:15:03,708 - INFO - epoch: 37 iter: 99 loss_domain: 3.120401382446289 loss_boundary: 0.0003911196254193783 loss_total: 3.159513235092163 boundary_weight: 100)
2024-12-11 17:15:05,126 - INFO - epoch: 37 iter: 199 loss_domain: 2.7915456295013428 loss_boundary: 0.00039191741961985826 loss_total: 2.830737352371216 boundary_weight: 100)
2024-12-11 17:15:06,525 - INFO - epoch: 37 iter: 299 loss_domain: 2.657320261001587 loss_boundary: 0.00039205545908771455 loss_total: 2.696525812149048 boundary_weight: 100)
2024-12-11 17:15:07,877 - INFO - epoch: 37 iter: 399 loss_domain: 2.608560085296631 loss_boundary: 0.00039208444650284946 loss_total: 2.647768497467041 boundary_weight: 100)
2024-12-11 17:15:09,224 - INFO - epoch: 37 iter: 499 loss_domain: 2.6012322902679443 loss_boundary: 0.000392092828406021 loss_total: 2.640441656112671 boundary_weight: 100)
2024-12-11 17:15:13,032 - INFO - nf epoch: 38 iter: 99 loss:4.593666076660156)
2024-12-11 17:15:16,661 - INFO - nf epoch: 38 iter: 199 loss:4.528140068054199)
2024-12-11 17:15:20,271 - INFO - nf epoch: 38 iter: 299 loss:4.5041632652282715)
2024-12-11 17:15:23,890 - INFO - nf epoch: 38 iter: 399 loss:4.495514869689941)
2024-12-11 17:15:27,447 - INFO - nf epoch: 38 iter: 499 loss:4.49418830871582)
2024-12-11 17:15:29,276 - INFO - epoch: 38 iter: 99 loss_domain: 2.8287148475646973 loss_boundary: 0.00037757327663712204 loss_total: 2.8664722442626953 boundary_weight: 100)
2024-12-11 17:15:30,655 - INFO - epoch: 38 iter: 199 loss_domain: 2.5787360668182373 loss_boundary: 0.0003700706292875111 loss_total: 2.6157431602478027 boundary_weight: 100)
2024-12-11 17:15:32,012 - INFO - epoch: 38 iter: 299 loss_domain: 2.468642234802246 loss_boundary: 0.00036671647103503346 loss_total: 2.5053138732910156 boundary_weight: 100)
2024-12-11 17:15:33,398 - INFO - epoch: 38 iter: 399 loss_domain: 2.4277186393737793 loss_boundary: 0.00036548133357428014 loss_total: 2.464266777038574 boundary_weight: 100)
2024-12-11 17:15:34,766 - INFO - epoch: 38 iter: 499 loss_domain: 2.421536684036255 loss_boundary: 0.00036529076169244945 loss_total: 2.4580657482147217 boundary_weight: 100)
2024-12-11 17:15:38,339 - INFO - nf epoch: 39 iter: 99 loss:4.302502155303955)
2024-12-11 17:15:41,856 - INFO - nf epoch: 39 iter: 199 loss:4.263111591339111)
2024-12-11 17:15:45,420 - INFO - nf epoch: 39 iter: 299 loss:4.246433258056641)
2024-12-11 17:15:49,047 - INFO - nf epoch: 39 iter: 399 loss:4.2394866943359375)
2024-12-11 17:15:52,806 - INFO - nf epoch: 39 iter: 499 loss:4.2383832931518555)
2024-12-11 17:15:54,569 - INFO - epoch: 39 iter: 99 loss_domain: 2.636606216430664 loss_boundary: 0.0003725765272974968 loss_total: 2.6738638877868652 boundary_weight: 100)
2024-12-11 17:15:55,976 - INFO - epoch: 39 iter: 199 loss_domain: 2.410939931869507 loss_boundary: 0.00037052988773211837 loss_total: 2.4479928016662598 boundary_weight: 100)
2024-12-11 17:15:57,408 - INFO - epoch: 39 iter: 299 loss_domain: 2.3148715496063232 loss_boundary: 0.0003695744089782238 loss_total: 2.3518290519714355 boundary_weight: 100)
2024-12-11 17:15:58,799 - INFO - epoch: 39 iter: 399 loss_domain: 2.279519557952881 loss_boundary: 0.00036920452839694917 loss_total: 2.3164401054382324 boundary_weight: 100)
2024-12-11 17:16:00,152 - INFO - epoch: 39 iter: 499 loss_domain: 2.2741854190826416 loss_boundary: 0.0003691471356432885 loss_total: 2.3111002445220947 boundary_weight: 100)
2024-12-11 17:16:03,648 - INFO - nf epoch: 40 iter: 99 loss:4.183719635009766)
2024-12-11 17:16:07,218 - INFO - nf epoch: 40 iter: 199 loss:4.147198677062988)
2024-12-11 17:16:10,867 - INFO - nf epoch: 40 iter: 299 loss:4.129634857177734)
2024-12-11 17:16:14,443 - INFO - nf epoch: 40 iter: 399 loss:4.118443489074707)
2024-12-11 17:16:18,106 - INFO - nf epoch: 40 iter: 499 loss:4.115886211395264)
2024-12-11 17:16:19,792 - INFO - epoch: 40 iter: 99 loss_domain: 2.5159389972686768 loss_boundary: 0.0003624526143539697 loss_total: 2.5521843433380127 boundary_weight: 100)
2024-12-11 17:16:21,275 - INFO - epoch: 40 iter: 199 loss_domain: 2.3093373775482178 loss_boundary: 0.00036060891579836607 loss_total: 2.345398187637329 boundary_weight: 100)
2024-12-11 17:16:22,671 - INFO - epoch: 40 iter: 299 loss_domain: 2.2191264629364014 loss_boundary: 0.0003595590533223003 loss_total: 2.255082368850708 boundary_weight: 100)
2024-12-11 17:16:24,079 - INFO - epoch: 40 iter: 399 loss_domain: 2.1854140758514404 loss_boundary: 0.00035912194289267063 loss_total: 2.2213263511657715 boundary_weight: 100)
2024-12-11 17:16:25,480 - INFO - epoch: 40 iter: 499 loss_domain: 2.1802926063537598 loss_boundary: 0.00035904115065932274 loss_total: 2.2161967754364014 boundary_weight: 100)
2024-12-11 17:16:29,047 - INFO - nf epoch: 41 iter: 99 loss:4.103647708892822)
2024-12-11 17:16:32,720 - INFO - nf epoch: 41 iter: 199 loss:4.057771682739258)
2024-12-11 17:16:36,214 - INFO - nf epoch: 41 iter: 299 loss:4.0273003578186035)
2024-12-11 17:16:39,799 - INFO - nf epoch: 41 iter: 399 loss:4.017277717590332)
2024-12-11 17:16:43,367 - INFO - nf epoch: 41 iter: 499 loss:4.0156426429748535)
2024-12-11 17:16:45,122 - INFO - epoch: 41 iter: 99 loss_domain: 2.3777542114257812 loss_boundary: 0.0003750465693883598 loss_total: 2.4152588844299316 boundary_weight: 100)
2024-12-11 17:16:46,508 - INFO - epoch: 41 iter: 199 loss_domain: 2.161069869995117 loss_boundary: 0.00037086050724610686 loss_total: 2.1981558799743652 boundary_weight: 100)
2024-12-11 17:16:47,909 - INFO - epoch: 41 iter: 299 loss_domain: 2.066891670227051 loss_boundary: 0.0003678657812997699 loss_total: 2.1036782264709473 boundary_weight: 100)
2024-12-11 17:16:49,293 - INFO - epoch: 41 iter: 399 loss_domain: 2.0317461490631104 loss_boundary: 0.0003665519179776311 loss_total: 2.068401336669922 boundary_weight: 100)
2024-12-11 17:16:50,706 - INFO - epoch: 41 iter: 499 loss_domain: 2.0263795852661133 loss_boundary: 0.0003663402749225497 loss_total: 2.0630135536193848 boundary_weight: 100)
2024-12-11 17:16:54,306 - INFO - nf epoch: 42 iter: 99 loss:3.9556171894073486)
2024-12-11 17:16:57,939 - INFO - nf epoch: 42 iter: 199 loss:3.943617820739746)
2024-12-11 17:17:01,591 - INFO - nf epoch: 42 iter: 299 loss:3.8908803462982178)
2024-12-11 17:17:05,299 - INFO - nf epoch: 42 iter: 399 loss:3.869765520095825)
2024-12-11 17:17:08,963 - INFO - nf epoch: 42 iter: 499 loss:3.867988109588623)
2024-12-11 17:17:10,554 - INFO - epoch: 42 iter: 99 loss_domain: 2.2691757678985596 loss_boundary: 0.0003399276756681502 loss_total: 2.303168535232544 boundary_weight: 100)
2024-12-11 17:17:11,962 - INFO - epoch: 42 iter: 199 loss_domain: 2.0594019889831543 loss_boundary: 0.00033743513631634414 loss_total: 2.0931456089019775 boundary_weight: 100)
2024-12-11 17:17:13,430 - INFO - epoch: 42 iter: 299 loss_domain: 1.9695770740509033 loss_boundary: 0.00033638233435340226 loss_total: 2.0032153129577637 boundary_weight: 100)
2024-12-11 17:17:14,834 - INFO - epoch: 42 iter: 399 loss_domain: 1.936079978942871 loss_boundary: 0.0003359547408763319 loss_total: 1.9696754217147827 boundary_weight: 100)
2024-12-11 17:17:16,244 - INFO - epoch: 42 iter: 499 loss_domain: 1.9309697151184082 loss_boundary: 0.0003358890244271606 loss_total: 1.9645586013793945 boundary_weight: 100)
2024-12-11 17:17:19,780 - INFO - nf epoch: 43 iter: 99 loss:4.143508434295654)
2024-12-11 17:17:23,377 - INFO - nf epoch: 43 iter: 199 loss:4.073564529418945)
2024-12-11 17:17:26,918 - INFO - nf epoch: 43 iter: 299 loss:4.031783580780029)
2024-12-11 17:17:30,455 - INFO - nf epoch: 43 iter: 399 loss:4.012185096740723)
2024-12-11 17:17:34,130 - INFO - nf epoch: 43 iter: 499 loss:4.009546756744385)
2024-12-11 17:17:35,864 - INFO - epoch: 43 iter: 99 loss_domain: 2.281724214553833 loss_boundary: 0.0003358683898113668 loss_total: 2.3153109550476074 boundary_weight: 100)
2024-12-11 17:17:37,286 - INFO - epoch: 43 iter: 199 loss_domain: 2.056490182876587 loss_boundary: 0.0003366906021256 loss_total: 2.0901591777801514 boundary_weight: 100)
2024-12-11 17:17:38,726 - INFO - epoch: 43 iter: 299 loss_domain: 1.960652470588684 loss_boundary: 0.0003367129247635603 loss_total: 1.99432373046875 boundary_weight: 100)
2024-12-11 17:17:40,076 - INFO - epoch: 43 iter: 399 loss_domain: 1.9251638650894165 loss_boundary: 0.00033660978078842163 loss_total: 1.958824872970581 boundary_weight: 100)
2024-12-11 17:17:41,407 - INFO - epoch: 43 iter: 499 loss_domain: 1.9197413921356201 loss_boundary: 0.0003365898155607283 loss_total: 1.9534003734588623 boundary_weight: 100)
2024-12-11 17:17:44,967 - INFO - nf epoch: 44 iter: 99 loss:4.0723114013671875)
2024-12-11 17:17:48,604 - INFO - nf epoch: 44 iter: 199 loss:4.004835605621338)
2024-12-11 17:17:52,225 - INFO - nf epoch: 44 iter: 299 loss:3.988442897796631)
2024-12-11 17:17:55,839 - INFO - nf epoch: 44 iter: 399 loss:3.9832940101623535)
2024-12-11 17:17:59,403 - INFO - nf epoch: 44 iter: 499 loss:3.982450008392334)
2024-12-11 17:18:01,154 - INFO - epoch: 44 iter: 99 loss_domain: 1.8580328226089478 loss_boundary: 0.00034473033156245947 loss_total: 1.8925058841705322 boundary_weight: 100)
2024-12-11 17:18:02,562 - INFO - epoch: 44 iter: 199 loss_domain: 1.6675690412521362 loss_boundary: 0.00033826997969299555 loss_total: 1.7013959884643555 boundary_weight: 100)
2024-12-11 17:18:04,005 - INFO - epoch: 44 iter: 299 loss_domain: 1.5864063501358032 loss_boundary: 0.00033474911469966173 loss_total: 1.619881272315979 boundary_weight: 100)
2024-12-11 17:18:05,378 - INFO - epoch: 44 iter: 399 loss_domain: 1.5561208724975586 loss_boundary: 0.00033328935387544334 loss_total: 1.5894497632980347 boundary_weight: 100)
2024-12-11 17:18:06,782 - INFO - epoch: 44 iter: 499 loss_domain: 1.5514901876449585 loss_boundary: 0.00033305338001810014 loss_total: 1.5847954750061035 boundary_weight: 100)
2024-12-11 17:18:10,353 - INFO - nf epoch: 45 iter: 99 loss:0.7844973206520081)
2024-12-11 17:18:13,923 - INFO - nf epoch: 45 iter: 199 loss:-0.5810109972953796)
2024-12-11 17:18:17,538 - INFO - nf epoch: 45 iter: 299 loss:-1.076512336730957)
2024-12-11 17:18:21,145 - INFO - nf epoch: 45 iter: 399 loss:-1.238006830215454)
2024-12-11 17:18:24,729 - INFO - nf epoch: 45 iter: 499 loss:-1.26105797290802)
2024-12-11 17:18:26,614 - INFO - epoch: 45 iter: 99 loss_domain: 4.697983741760254 loss_boundary: 0.00034509983379393816 loss_total: 4.732493877410889 boundary_weight: 100)
2024-12-11 17:18:27,992 - INFO - epoch: 45 iter: 199 loss_domain: 3.9646553993225098 loss_boundary: 0.0003419141285121441 loss_total: 3.9988467693328857 boundary_weight: 100)
2024-12-11 17:18:29,381 - INFO - epoch: 45 iter: 299 loss_domain: 3.7010741233825684 loss_boundary: 0.0003405124880373478 loss_total: 3.7351253032684326 boundary_weight: 100)
2024-12-11 17:18:30,795 - INFO - epoch: 45 iter: 399 loss_domain: 3.606431245803833 loss_boundary: 0.00034004004555754364 loss_total: 3.640435218811035 boundary_weight: 100)
2024-12-11 17:18:32,212 - INFO - epoch: 45 iter: 499 loss_domain: 3.5924253463745117 loss_boundary: 0.00033996786805801094 loss_total: 3.626422166824341 boundary_weight: 100)
2024-12-11 17:18:35,790 - INFO - nf epoch: 46 iter: 99 loss:3.981125593185425)
2024-12-11 17:18:39,385 - INFO - nf epoch: 46 iter: 199 loss:3.867464780807495)
2024-12-11 17:18:42,972 - INFO - nf epoch: 46 iter: 299 loss:3.821367025375366)
2024-12-11 17:18:46,746 - INFO - nf epoch: 46 iter: 399 loss:3.8043339252471924)
2024-12-11 17:18:50,351 - INFO - nf epoch: 46 iter: 499 loss:3.801849126815796)
2024-12-11 17:18:52,131 - INFO - epoch: 46 iter: 99 loss_domain: 2.680713653564453 loss_boundary: 0.00035266694612801075 loss_total: 2.715980291366577 boundary_weight: 100)
2024-12-11 17:18:53,537 - INFO - epoch: 46 iter: 199 loss_domain: 2.4372901916503906 loss_boundary: 0.0003487258218228817 loss_total: 2.4721627235412598 boundary_weight: 100)
2024-12-11 17:18:54,912 - INFO - epoch: 46 iter: 299 loss_domain: 2.330902338027954 loss_boundary: 0.0003466905909590423 loss_total: 2.3655714988708496 boundary_weight: 100)
2024-12-11 17:18:56,305 - INFO - epoch: 46 iter: 399 loss_domain: 2.291663646697998 loss_boundary: 0.0003458698047325015 loss_total: 2.3262505531311035 boundary_weight: 100)
2024-12-11 17:18:57,639 - INFO - epoch: 46 iter: 499 loss_domain: 2.2858479022979736 loss_boundary: 0.00034573435550555587 loss_total: 2.3204212188720703 boundary_weight: 100)
2024-12-11 17:19:01,209 - INFO - nf epoch: 47 iter: 99 loss:3.538036584854126)
2024-12-11 17:19:04,840 - INFO - nf epoch: 47 iter: 199 loss:3.4531288146972656)
2024-12-11 17:19:08,386 - INFO - nf epoch: 47 iter: 299 loss:3.414475202560425)
2024-12-11 17:19:12,004 - INFO - nf epoch: 47 iter: 399 loss:3.4022789001464844)
2024-12-11 17:19:15,957 - INFO - nf epoch: 47 iter: 499 loss:3.4004909992218018)
2024-12-11 17:19:17,563 - INFO - epoch: 47 iter: 99 loss_domain: 2.406191825866699 loss_boundary: 0.0003447987255640328 loss_total: 2.440671682357788 boundary_weight: 100)
2024-12-11 17:19:18,946 - INFO - epoch: 47 iter: 199 loss_domain: 2.240034341812134 loss_boundary: 0.00034378282725811005 loss_total: 2.2744126319885254 boundary_weight: 100)
2024-12-11 17:19:20,341 - INFO - epoch: 47 iter: 299 loss_domain: 2.1688241958618164 loss_boundary: 0.0003431563382036984 loss_total: 2.2031397819519043 boundary_weight: 100)
2024-12-11 17:19:21,702 - INFO - epoch: 47 iter: 399 loss_domain: 2.1425459384918213 loss_boundary: 0.00034288864117115736 loss_total: 2.17683482170105 boundary_weight: 100)
2024-12-11 17:19:23,126 - INFO - epoch: 47 iter: 499 loss_domain: 2.1386466026306152 loss_boundary: 0.00034283899003639817 loss_total: 2.1729304790496826 boundary_weight: 100)
2024-12-11 17:19:26,644 - INFO - nf epoch: 48 iter: 99 loss:3.17891526222229)
2024-12-11 17:19:30,195 - INFO - nf epoch: 48 iter: 199 loss:2.949585437774658)
2024-12-11 17:19:33,710 - INFO - nf epoch: 48 iter: 299 loss:2.8266613483428955)
2024-12-11 17:19:37,249 - INFO - nf epoch: 48 iter: 399 loss:2.7650234699249268)
2024-12-11 17:19:40,766 - INFO - nf epoch: 48 iter: 499 loss:2.755678415298462)
2024-12-11 17:19:42,663 - INFO - epoch: 48 iter: 99 loss_domain: 2.4597580432891846 loss_boundary: 0.00034218034124933183 loss_total: 2.49397611618042 boundary_weight: 100)
2024-12-11 17:19:44,069 - INFO - epoch: 48 iter: 199 loss_domain: 2.239074945449829 loss_boundary: 0.0003368324541952461 loss_total: 2.2727582454681396 boundary_weight: 100)
2024-12-11 17:19:45,456 - INFO - epoch: 48 iter: 299 loss_domain: 2.1464550495147705 loss_boundary: 0.0003347431484144181 loss_total: 2.179929256439209 boundary_weight: 100)
2024-12-11 17:19:46,873 - INFO - epoch: 48 iter: 399 loss_domain: 2.1126511096954346 loss_boundary: 0.00033399974927306175 loss_total: 2.1460511684417725 boundary_weight: 100)
2024-12-11 17:19:48,339 - INFO - epoch: 48 iter: 499 loss_domain: 2.107625722885132 loss_boundary: 0.0003338924434501678 loss_total: 2.14101505279541 boundary_weight: 100)
2024-12-11 17:19:51,907 - INFO - nf epoch: 49 iter: 99 loss:3.3019280433654785)
2024-12-11 17:19:55,455 - INFO - nf epoch: 49 iter: 199 loss:3.218930721282959)
2024-12-11 17:19:58,946 - INFO - nf epoch: 49 iter: 299 loss:3.166527271270752)
2024-12-11 17:20:02,574 - INFO - nf epoch: 49 iter: 399 loss:3.1547021865844727)
2024-12-11 17:20:06,089 - INFO - nf epoch: 49 iter: 499 loss:3.1530559062957764)
2024-12-11 17:20:07,832 - INFO - epoch: 49 iter: 99 loss_domain: 2.363086700439453 loss_boundary: 0.0003334968932904303 loss_total: 2.3964364528656006 boundary_weight: 100)
2024-12-11 17:20:09,215 - INFO - epoch: 49 iter: 199 loss_domain: 2.2029383182525635 loss_boundary: 0.00033603172050789 loss_total: 2.236541509628296 boundary_weight: 100)
2024-12-11 17:20:10,639 - INFO - epoch: 49 iter: 299 loss_domain: 2.133222818374634 loss_boundary: 0.0003371236380189657 loss_total: 2.1669352054595947 boundary_weight: 100)
2024-12-11 17:20:12,029 - INFO - epoch: 49 iter: 399 loss_domain: 2.1071665287017822 loss_boundary: 0.0003375191299710423 loss_total: 2.140918493270874 boundary_weight: 100)
2024-12-11 17:20:13,427 - INFO - epoch: 49 iter: 499 loss_domain: 2.10323429107666 loss_boundary: 0.0003375808009877801 loss_total: 2.1369924545288086 boundary_weight: 100)
